2026-02-15 20:28:09,970 [ERROR] Failed 3 times: 400 Client Error: Bad Request for url: https://api.openalex.org/works?filter=display_name%3A%22American+Economic+Review%22%2Cpublication_year%3A2010&per-page=100&select=id%2Cdoi%2Ctitle%2Cauthors%2Cpublication_year%2Cabstract_inverted_index%2Cprimary_location%2Clanding_page_url&cursor=%2A
2026-02-15 20:28:09,971 [WARNING] aer 2010: OpenAlex request failed
2026-02-15 20:28:09,971 [INFO] aer 2010: Fallback to Crossref
2026-02-15 20:28:15,731 [ERROR] Failed 3 times: 400 Client Error: Bad Request for url: https://api.openalex.org/works?filter=display_name%3A%22American+Economic+Review%22%2Cpublication_year%3A2011&per-page=100&select=id%2Cdoi%2Ctitle%2Cauthors%2Cpublication_year%2Cabstract_inverted_index%2Cprimary_location%2Clanding_page_url&cursor=%2A
2026-02-15 20:28:15,733 [WARNING] aer 2011: OpenAlex request failed
2026-02-15 20:28:15,735 [INFO] aer 2011: Fallback to Crossref
2026-02-15 20:28:21,220 [ERROR] Failed 3 times: 400 Client Error: Bad Request for url: https://api.openalex.org/works?filter=display_name%3A%22American+Economic+Review%22%2Cpublication_year%3A2012&per-page=100&select=id%2Cdoi%2Ctitle%2Cauthors%2Cpublication_year%2Cabstract_inverted_index%2Cprimary_location%2Clanding_page_url&cursor=%2A
2026-02-15 20:28:21,222 [WARNING] aer 2012: OpenAlex request failed
2026-02-15 20:28:21,235 [INFO] aer 2012: Fallback to Crossref
2026-02-15 20:28:26,793 [ERROR] Failed 3 times: 400 Client Error: Bad Request for url: https://api.openalex.org/works?filter=display_name%3A%22American+Economic+Review%22%2Cpublication_year%3A2013&per-page=100&select=id%2Cdoi%2Ctitle%2Cauthors%2Cpublication_year%2Cabstract_inverted_index%2Cprimary_location%2Clanding_page_url&cursor=%2A
2026-02-15 20:28:26,794 [WARNING] aer 2013: OpenAlex request failed
2026-02-15 20:28:26,796 [INFO] aer 2013: Fallback to Crossref
2026-02-15 20:28:32,431 [ERROR] Failed 3 times: 400 Client Error: Bad Request for url: https://api.openalex.org/works?filter=display_name%3A%22American+Economic+Review%22%2Cpublication_year%3A2014&per-page=100&select=id%2Cdoi%2Ctitle%2Cauthors%2Cpublication_year%2Cabstract_inverted_index%2Cprimary_location%2Clanding_page_url&cursor=%2A
2026-02-15 20:28:32,432 [WARNING] aer 2014: OpenAlex request failed
2026-02-15 20:28:32,433 [INFO] aer 2014: Fallback to Crossref
2026-02-15 20:28:38,085 [ERROR] Failed 3 times: 400 Client Error: Bad Request for url: https://api.openalex.org/works?filter=display_name%3A%22American+Economic+Review%22%2Cpublication_year%3A2015&per-page=100&select=id%2Cdoi%2Ctitle%2Cauthors%2Cpublication_year%2Cabstract_inverted_index%2Cprimary_location%2Clanding_page_url&cursor=%2A
2026-02-15 20:28:38,086 [WARNING] aer 2015: OpenAlex request failed
2026-02-15 20:28:38,087 [INFO] aer 2015: Fallback to Crossref
2026-02-15 20:28:43,572 [ERROR] Failed 3 times: 400 Client Error: Bad Request for url: https://api.openalex.org/works?filter=display_name%3A%22American+Economic+Review%22%2Cpublication_year%3A2016&per-page=100&select=id%2Cdoi%2Ctitle%2Cauthors%2Cpublication_year%2Cabstract_inverted_index%2Cprimary_location%2Clanding_page_url&cursor=%2A
2026-02-15 20:28:43,573 [WARNING] aer 2016: OpenAlex request failed
2026-02-15 20:28:43,575 [INFO] aer 2016: Fallback to Crossref
2026-02-15 20:28:49,077 [ERROR] Failed 3 times: 400 Client Error: Bad Request for url: https://api.openalex.org/works?filter=display_name%3A%22American+Economic+Review%22%2Cpublication_year%3A2017&per-page=100&select=id%2Cdoi%2Ctitle%2Cauthors%2Cpublication_year%2Cabstract_inverted_index%2Cprimary_location%2Clanding_page_url&cursor=%2A
2026-02-15 20:28:49,077 [WARNING] aer 2017: OpenAlex request failed
2026-02-15 20:28:49,079 [INFO] aer 2017: Fallback to Crossref
2026-02-15 20:28:54,619 [ERROR] Failed 3 times: 400 Client Error: Bad Request for url: https://api.openalex.org/works?filter=display_name%3A%22American+Economic+Review%22%2Cpublication_year%3A2018&per-page=100&select=id%2Cdoi%2Ctitle%2Cauthors%2Cpublication_year%2Cabstract_inverted_index%2Cprimary_location%2Clanding_page_url&cursor=%2A
2026-02-15 20:28:54,625 [WARNING] aer 2018: OpenAlex request failed
2026-02-15 20:28:54,642 [INFO] aer 2018: Fallback to Crossref
2026-02-15 20:28:59,433 [ERROR] Failed 3 times: 400 Client Error: Bad Request for url: https://api.openalex.org/works?filter=display_name%3A%22American+Economic+Review%22%2Cpublication_year%3A2019&per-page=100&select=id%2Cdoi%2Ctitle%2Cauthors%2Cpublication_year%2Cabstract_inverted_index%2Cprimary_location%2Clanding_page_url&cursor=%2A
2026-02-15 20:28:59,434 [WARNING] aer 2019: OpenAlex request failed
2026-02-15 20:28:59,434 [INFO] aer 2019: Fallback to Crossref
2026-02-15 20:29:04,185 [ERROR] Failed 3 times: 400 Client Error: Bad Request for url: https://api.openalex.org/works?filter=display_name%3A%22American+Economic+Review%22%2Cpublication_year%3A2020&per-page=100&select=id%2Cdoi%2Ctitle%2Cauthors%2Cpublication_year%2Cabstract_inverted_index%2Cprimary_location%2Clanding_page_url&cursor=%2A
2026-02-15 20:29:04,185 [WARNING] aer 2020: OpenAlex request failed
2026-02-15 20:29:04,186 [INFO] aer 2020: Fallback to Crossref
2026-02-15 20:29:09,165 [ERROR] Failed 3 times: 400 Client Error: Bad Request for url: https://api.openalex.org/works?filter=display_name%3A%22American+Economic+Review%22%2Cpublication_year%3A2021&per-page=100&select=id%2Cdoi%2Ctitle%2Cauthors%2Cpublication_year%2Cabstract_inverted_index%2Cprimary_location%2Clanding_page_url&cursor=%2A
2026-02-15 20:29:09,166 [WARNING] aer 2021: OpenAlex request failed
2026-02-15 20:29:09,167 [INFO] aer 2021: Fallback to Crossref
2026-02-15 20:29:14,152 [ERROR] Failed 3 times: 400 Client Error: Bad Request for url: https://api.openalex.org/works?filter=display_name%3A%22American+Economic+Review%22%2Cpublication_year%3A2022&per-page=100&select=id%2Cdoi%2Ctitle%2Cauthors%2Cpublication_year%2Cabstract_inverted_index%2Cprimary_location%2Clanding_page_url&cursor=%2A
2026-02-15 20:29:14,153 [WARNING] aer 2022: OpenAlex request failed
2026-02-15 20:29:14,162 [INFO] aer 2022: Fallback to Crossref
2026-02-15 20:29:19,022 [ERROR] Failed 3 times: 400 Client Error: Bad Request for url: https://api.openalex.org/works?filter=display_name%3A%22American+Economic+Review%22%2Cpublication_year%3A2023&per-page=100&select=id%2Cdoi%2Ctitle%2Cauthors%2Cpublication_year%2Cabstract_inverted_index%2Cprimary_location%2Clanding_page_url&cursor=%2A
2026-02-15 20:29:19,023 [WARNING] aer 2023: OpenAlex request failed
2026-02-15 20:29:19,025 [INFO] aer 2023: Fallback to Crossref
2026-02-15 20:29:24,510 [ERROR] Failed 3 times: 400 Client Error: Bad Request for url: https://api.openalex.org/works?filter=display_name%3A%22American+Economic+Review%22%2Cpublication_year%3A2024&per-page=100&select=id%2Cdoi%2Ctitle%2Cauthors%2Cpublication_year%2Cabstract_inverted_index%2Cprimary_location%2Clanding_page_url&cursor=%2A
2026-02-15 20:29:24,513 [WARNING] aer 2024: OpenAlex request failed
2026-02-15 20:29:24,515 [INFO] aer 2024: Fallback to Crossref
2026-02-15 20:29:29,505 [ERROR] Failed 3 times: 400 Client Error: Bad Request for url: https://api.openalex.org/works?filter=display_name%3A%22American+Economic+Review%22%2Cpublication_year%3A2025&per-page=100&select=id%2Cdoi%2Ctitle%2Cauthors%2Cpublication_year%2Cabstract_inverted_index%2Cprimary_location%2Clanding_page_url&cursor=%2A
2026-02-15 20:29:29,509 [WARNING] aer 2025: OpenAlex request failed
2026-02-15 20:29:29,524 [INFO] aer 2025: Fallback to Crossref
2026-02-15 20:29:34,625 [ERROR] Failed 3 times: 400 Client Error: Bad Request for url: https://api.openalex.org/works?filter=display_name%3A%22Quarterly+Journal+of+Economics%22%2Cpublication_year%3A2010&per-page=100&select=id%2Cdoi%2Ctitle%2Cauthors%2Cpublication_year%2Cabstract_inverted_index%2Cprimary_location%2Clanding_page_url&cursor=%2A
2026-02-15 20:29:34,627 [WARNING] qje 2010: OpenAlex request failed
2026-02-15 20:29:34,635 [INFO] qje 2010: Fallback to Crossref
2026-02-15 20:29:39,487 [ERROR] Failed 3 times: 400 Client Error: Bad Request for url: https://api.openalex.org/works?filter=display_name%3A%22Quarterly+Journal+of+Economics%22%2Cpublication_year%3A2011&per-page=100&select=id%2Cdoi%2Ctitle%2Cauthors%2Cpublication_year%2Cabstract_inverted_index%2Cprimary_location%2Clanding_page_url&cursor=%2A
2026-02-15 20:29:39,487 [WARNING] qje 2011: OpenAlex request failed
2026-02-15 20:29:39,488 [INFO] qje 2011: Fallback to Crossref
2026-02-15 20:29:44,710 [ERROR] Failed 3 times: 400 Client Error: Bad Request for url: https://api.openalex.org/works?filter=display_name%3A%22Quarterly+Journal+of+Economics%22%2Cpublication_year%3A2012&per-page=100&select=id%2Cdoi%2Ctitle%2Cauthors%2Cpublication_year%2Cabstract_inverted_index%2Cprimary_location%2Clanding_page_url&cursor=%2A
2026-02-15 20:29:44,711 [WARNING] qje 2012: OpenAlex request failed
2026-02-15 20:29:44,712 [INFO] qje 2012: Fallback to Crossref
2026-02-15 20:29:49,603 [ERROR] Failed 3 times: 400 Client Error: Bad Request for url: https://api.openalex.org/works?filter=display_name%3A%22Quarterly+Journal+of+Economics%22%2Cpublication_year%3A2013&per-page=100&select=id%2Cdoi%2Ctitle%2Cauthors%2Cpublication_year%2Cabstract_inverted_index%2Cprimary_location%2Clanding_page_url&cursor=%2A
2026-02-15 20:29:49,614 [WARNING] qje 2013: OpenAlex request failed
2026-02-15 20:29:49,623 [INFO] qje 2013: Fallback to Crossref
2026-02-15 20:29:54,776 [ERROR] Failed 3 times: 400 Client Error: Bad Request for url: https://api.openalex.org/works?filter=display_name%3A%22Quarterly+Journal+of+Economics%22%2Cpublication_year%3A2014&per-page=100&select=id%2Cdoi%2Ctitle%2Cauthors%2Cpublication_year%2Cabstract_inverted_index%2Cprimary_location%2Clanding_page_url&cursor=%2A
2026-02-15 20:29:54,777 [WARNING] qje 2014: OpenAlex request failed
2026-02-15 20:29:54,778 [INFO] qje 2014: Fallback to Crossref
2026-02-15 20:29:59,811 [ERROR] Failed 3 times: 400 Client Error: Bad Request for url: https://api.openalex.org/works?filter=display_name%3A%22Quarterly+Journal+of+Economics%22%2Cpublication_year%3A2015&per-page=100&select=id%2Cdoi%2Ctitle%2Cauthors%2Cpublication_year%2Cabstract_inverted_index%2Cprimary_location%2Clanding_page_url&cursor=%2A
2026-02-15 20:29:59,812 [WARNING] qje 2015: OpenAlex request failed
2026-02-15 20:29:59,814 [INFO] qje 2015: Fallback to Crossref
2026-02-15 20:30:06,216 [ERROR] Failed 3 times: 400 Client Error: Bad Request for url: https://api.openalex.org/works?filter=display_name%3A%22Quarterly+Journal+of+Economics%22%2Cpublication_year%3A2016&per-page=100&select=id%2Cdoi%2Ctitle%2Cauthors%2Cpublication_year%2Cabstract_inverted_index%2Cprimary_location%2Clanding_page_url&cursor=%2A
2026-02-15 20:30:06,227 [WARNING] qje 2016: OpenAlex request failed
2026-02-15 20:30:06,237 [INFO] qje 2016: Fallback to Crossref
