2026-02-15 20:28:09,970 [ERROR] Failed 3 times: 400 Client Error: Bad Request for url: https://api.openalex.org/works?filter=display_name%3A%22American+Economic+Review%22%2Cpublication_year%3A2010&per-page=100&select=id%2Cdoi%2Ctitle%2Cauthors%2Cpublication_year%2Cabstract_inverted_index%2Cprimary_location%2Clanding_page_url&cursor=%2A
2026-02-15 20:28:09,971 [WARNING] aer 2010: OpenAlex request failed
2026-02-15 20:28:09,971 [INFO] aer 2010: Fallback to Crossref
2026-02-15 20:28:15,731 [ERROR] Failed 3 times: 400 Client Error: Bad Request for url: https://api.openalex.org/works?filter=display_name%3A%22American+Economic+Review%22%2Cpublication_year%3A2011&per-page=100&select=id%2Cdoi%2Ctitle%2Cauthors%2Cpublication_year%2Cabstract_inverted_index%2Cprimary_location%2Clanding_page_url&cursor=%2A
2026-02-15 20:28:15,733 [WARNING] aer 2011: OpenAlex request failed
2026-02-15 20:28:15,735 [INFO] aer 2011: Fallback to Crossref
2026-02-15 20:28:21,220 [ERROR] Failed 3 times: 400 Client Error: Bad Request for url: https://api.openalex.org/works?filter=display_name%3A%22American+Economic+Review%22%2Cpublication_year%3A2012&per-page=100&select=id%2Cdoi%2Ctitle%2Cauthors%2Cpublication_year%2Cabstract_inverted_index%2Cprimary_location%2Clanding_page_url&cursor=%2A
2026-02-15 20:28:21,222 [WARNING] aer 2012: OpenAlex request failed
2026-02-15 20:28:21,235 [INFO] aer 2012: Fallback to Crossref
2026-02-15 20:28:26,793 [ERROR] Failed 3 times: 400 Client Error: Bad Request for url: https://api.openalex.org/works?filter=display_name%3A%22American+Economic+Review%22%2Cpublication_year%3A2013&per-page=100&select=id%2Cdoi%2Ctitle%2Cauthors%2Cpublication_year%2Cabstract_inverted_index%2Cprimary_location%2Clanding_page_url&cursor=%2A
2026-02-15 20:28:26,794 [WARNING] aer 2013: OpenAlex request failed
2026-02-15 20:28:26,796 [INFO] aer 2013: Fallback to Crossref
2026-02-15 20:28:32,431 [ERROR] Failed 3 times: 400 Client Error: Bad Request for url: https://api.openalex.org/works?filter=display_name%3A%22American+Economic+Review%22%2Cpublication_year%3A2014&per-page=100&select=id%2Cdoi%2Ctitle%2Cauthors%2Cpublication_year%2Cabstract_inverted_index%2Cprimary_location%2Clanding_page_url&cursor=%2A
2026-02-15 20:28:32,432 [WARNING] aer 2014: OpenAlex request failed
2026-02-15 20:28:32,433 [INFO] aer 2014: Fallback to Crossref
2026-02-15 20:28:38,085 [ERROR] Failed 3 times: 400 Client Error: Bad Request for url: https://api.openalex.org/works?filter=display_name%3A%22American+Economic+Review%22%2Cpublication_year%3A2015&per-page=100&select=id%2Cdoi%2Ctitle%2Cauthors%2Cpublication_year%2Cabstract_inverted_index%2Cprimary_location%2Clanding_page_url&cursor=%2A
2026-02-15 20:28:38,086 [WARNING] aer 2015: OpenAlex request failed
2026-02-15 20:28:38,087 [INFO] aer 2015: Fallback to Crossref
2026-02-15 20:28:43,572 [ERROR] Failed 3 times: 400 Client Error: Bad Request for url: https://api.openalex.org/works?filter=display_name%3A%22American+Economic+Review%22%2Cpublication_year%3A2016&per-page=100&select=id%2Cdoi%2Ctitle%2Cauthors%2Cpublication_year%2Cabstract_inverted_index%2Cprimary_location%2Clanding_page_url&cursor=%2A
2026-02-15 20:28:43,573 [WARNING] aer 2016: OpenAlex request failed
2026-02-15 20:28:43,575 [INFO] aer 2016: Fallback to Crossref
2026-02-15 20:28:49,077 [ERROR] Failed 3 times: 400 Client Error: Bad Request for url: https://api.openalex.org/works?filter=display_name%3A%22American+Economic+Review%22%2Cpublication_year%3A2017&per-page=100&select=id%2Cdoi%2Ctitle%2Cauthors%2Cpublication_year%2Cabstract_inverted_index%2Cprimary_location%2Clanding_page_url&cursor=%2A
2026-02-15 20:28:49,077 [WARNING] aer 2017: OpenAlex request failed
2026-02-15 20:28:49,079 [INFO] aer 2017: Fallback to Crossref
2026-02-15 20:28:54,619 [ERROR] Failed 3 times: 400 Client Error: Bad Request for url: https://api.openalex.org/works?filter=display_name%3A%22American+Economic+Review%22%2Cpublication_year%3A2018&per-page=100&select=id%2Cdoi%2Ctitle%2Cauthors%2Cpublication_year%2Cabstract_inverted_index%2Cprimary_location%2Clanding_page_url&cursor=%2A
2026-02-15 20:28:54,625 [WARNING] aer 2018: OpenAlex request failed
2026-02-15 20:28:54,642 [INFO] aer 2018: Fallback to Crossref
2026-02-15 20:28:59,433 [ERROR] Failed 3 times: 400 Client Error: Bad Request for url: https://api.openalex.org/works?filter=display_name%3A%22American+Economic+Review%22%2Cpublication_year%3A2019&per-page=100&select=id%2Cdoi%2Ctitle%2Cauthors%2Cpublication_year%2Cabstract_inverted_index%2Cprimary_location%2Clanding_page_url&cursor=%2A
2026-02-15 20:28:59,434 [WARNING] aer 2019: OpenAlex request failed
2026-02-15 20:28:59,434 [INFO] aer 2019: Fallback to Crossref
2026-02-15 20:29:04,185 [ERROR] Failed 3 times: 400 Client Error: Bad Request for url: https://api.openalex.org/works?filter=display_name%3A%22American+Economic+Review%22%2Cpublication_year%3A2020&per-page=100&select=id%2Cdoi%2Ctitle%2Cauthors%2Cpublication_year%2Cabstract_inverted_index%2Cprimary_location%2Clanding_page_url&cursor=%2A
2026-02-15 20:29:04,185 [WARNING] aer 2020: OpenAlex request failed
2026-02-15 20:29:04,186 [INFO] aer 2020: Fallback to Crossref
2026-02-15 20:29:09,165 [ERROR] Failed 3 times: 400 Client Error: Bad Request for url: https://api.openalex.org/works?filter=display_name%3A%22American+Economic+Review%22%2Cpublication_year%3A2021&per-page=100&select=id%2Cdoi%2Ctitle%2Cauthors%2Cpublication_year%2Cabstract_inverted_index%2Cprimary_location%2Clanding_page_url&cursor=%2A
2026-02-15 20:29:09,166 [WARNING] aer 2021: OpenAlex request failed
2026-02-15 20:29:09,167 [INFO] aer 2021: Fallback to Crossref
2026-02-15 20:29:14,152 [ERROR] Failed 3 times: 400 Client Error: Bad Request for url: https://api.openalex.org/works?filter=display_name%3A%22American+Economic+Review%22%2Cpublication_year%3A2022&per-page=100&select=id%2Cdoi%2Ctitle%2Cauthors%2Cpublication_year%2Cabstract_inverted_index%2Cprimary_location%2Clanding_page_url&cursor=%2A
2026-02-15 20:29:14,153 [WARNING] aer 2022: OpenAlex request failed
2026-02-15 20:29:14,162 [INFO] aer 2022: Fallback to Crossref
2026-02-15 20:29:19,022 [ERROR] Failed 3 times: 400 Client Error: Bad Request for url: https://api.openalex.org/works?filter=display_name%3A%22American+Economic+Review%22%2Cpublication_year%3A2023&per-page=100&select=id%2Cdoi%2Ctitle%2Cauthors%2Cpublication_year%2Cabstract_inverted_index%2Cprimary_location%2Clanding_page_url&cursor=%2A
2026-02-15 20:29:19,023 [WARNING] aer 2023: OpenAlex request failed
2026-02-15 20:29:19,025 [INFO] aer 2023: Fallback to Crossref
2026-02-15 20:29:24,510 [ERROR] Failed 3 times: 400 Client Error: Bad Request for url: https://api.openalex.org/works?filter=display_name%3A%22American+Economic+Review%22%2Cpublication_year%3A2024&per-page=100&select=id%2Cdoi%2Ctitle%2Cauthors%2Cpublication_year%2Cabstract_inverted_index%2Cprimary_location%2Clanding_page_url&cursor=%2A
2026-02-15 20:29:24,513 [WARNING] aer 2024: OpenAlex request failed
2026-02-15 20:29:24,515 [INFO] aer 2024: Fallback to Crossref
2026-02-15 20:29:29,505 [ERROR] Failed 3 times: 400 Client Error: Bad Request for url: https://api.openalex.org/works?filter=display_name%3A%22American+Economic+Review%22%2Cpublication_year%3A2025&per-page=100&select=id%2Cdoi%2Ctitle%2Cauthors%2Cpublication_year%2Cabstract_inverted_index%2Cprimary_location%2Clanding_page_url&cursor=%2A
2026-02-15 20:29:29,509 [WARNING] aer 2025: OpenAlex request failed
2026-02-15 20:29:29,524 [INFO] aer 2025: Fallback to Crossref
2026-02-15 20:29:34,625 [ERROR] Failed 3 times: 400 Client Error: Bad Request for url: https://api.openalex.org/works?filter=display_name%3A%22Quarterly+Journal+of+Economics%22%2Cpublication_year%3A2010&per-page=100&select=id%2Cdoi%2Ctitle%2Cauthors%2Cpublication_year%2Cabstract_inverted_index%2Cprimary_location%2Clanding_page_url&cursor=%2A
2026-02-15 20:29:34,627 [WARNING] qje 2010: OpenAlex request failed
2026-02-15 20:29:34,635 [INFO] qje 2010: Fallback to Crossref
2026-02-15 20:29:39,487 [ERROR] Failed 3 times: 400 Client Error: Bad Request for url: https://api.openalex.org/works?filter=display_name%3A%22Quarterly+Journal+of+Economics%22%2Cpublication_year%3A2011&per-page=100&select=id%2Cdoi%2Ctitle%2Cauthors%2Cpublication_year%2Cabstract_inverted_index%2Cprimary_location%2Clanding_page_url&cursor=%2A
2026-02-15 20:29:39,487 [WARNING] qje 2011: OpenAlex request failed
2026-02-15 20:29:39,488 [INFO] qje 2011: Fallback to Crossref
2026-02-15 20:29:44,710 [ERROR] Failed 3 times: 400 Client Error: Bad Request for url: https://api.openalex.org/works?filter=display_name%3A%22Quarterly+Journal+of+Economics%22%2Cpublication_year%3A2012&per-page=100&select=id%2Cdoi%2Ctitle%2Cauthors%2Cpublication_year%2Cabstract_inverted_index%2Cprimary_location%2Clanding_page_url&cursor=%2A
2026-02-15 20:29:44,711 [WARNING] qje 2012: OpenAlex request failed
2026-02-15 20:29:44,712 [INFO] qje 2012: Fallback to Crossref
2026-02-15 20:29:49,603 [ERROR] Failed 3 times: 400 Client Error: Bad Request for url: https://api.openalex.org/works?filter=display_name%3A%22Quarterly+Journal+of+Economics%22%2Cpublication_year%3A2013&per-page=100&select=id%2Cdoi%2Ctitle%2Cauthors%2Cpublication_year%2Cabstract_inverted_index%2Cprimary_location%2Clanding_page_url&cursor=%2A
2026-02-15 20:29:49,614 [WARNING] qje 2013: OpenAlex request failed
2026-02-15 20:29:49,623 [INFO] qje 2013: Fallback to Crossref
2026-02-15 20:29:54,776 [ERROR] Failed 3 times: 400 Client Error: Bad Request for url: https://api.openalex.org/works?filter=display_name%3A%22Quarterly+Journal+of+Economics%22%2Cpublication_year%3A2014&per-page=100&select=id%2Cdoi%2Ctitle%2Cauthors%2Cpublication_year%2Cabstract_inverted_index%2Cprimary_location%2Clanding_page_url&cursor=%2A
2026-02-15 20:29:54,777 [WARNING] qje 2014: OpenAlex request failed
2026-02-15 20:29:54,778 [INFO] qje 2014: Fallback to Crossref
2026-02-15 20:29:59,811 [ERROR] Failed 3 times: 400 Client Error: Bad Request for url: https://api.openalex.org/works?filter=display_name%3A%22Quarterly+Journal+of+Economics%22%2Cpublication_year%3A2015&per-page=100&select=id%2Cdoi%2Ctitle%2Cauthors%2Cpublication_year%2Cabstract_inverted_index%2Cprimary_location%2Clanding_page_url&cursor=%2A
2026-02-15 20:29:59,812 [WARNING] qje 2015: OpenAlex request failed
2026-02-15 20:29:59,814 [INFO] qje 2015: Fallback to Crossref
2026-02-15 20:30:06,216 [ERROR] Failed 3 times: 400 Client Error: Bad Request for url: https://api.openalex.org/works?filter=display_name%3A%22Quarterly+Journal+of+Economics%22%2Cpublication_year%3A2016&per-page=100&select=id%2Cdoi%2Ctitle%2Cauthors%2Cpublication_year%2Cabstract_inverted_index%2Cprimary_location%2Clanding_page_url&cursor=%2A
2026-02-15 20:30:06,227 [WARNING] qje 2016: OpenAlex request failed
2026-02-15 20:30:06,237 [INFO] qje 2016: Fallback to Crossref
2026-02-15 20:31:19,258 [ERROR] Failed 3 times: 400 Client Error: Bad Request for url: https://api.openalex.org/works?filter=display_name%3A%22American+Economic+Review%22%2Cpublication_year%3A2010&per-page=100&select=id%2Cdoi%2Ctitle%2Cauthors%2Cpublication_year%2Cabstract_inverted_index%2Cprimary_location%2Clanding_page_url&cursor=%2A
2026-02-15 20:31:19,260 [WARNING] aer 2010: OpenAlex request failed
2026-02-15 20:31:19,260 [INFO] aer 2010: Fallback to Crossref
2026-02-15 20:31:25,146 [ERROR] Failed 3 times: 400 Client Error: Bad Request for url: https://api.openalex.org/works?filter=display_name%3A%22American+Economic+Review%22%2Cpublication_year%3A2011&per-page=100&select=id%2Cdoi%2Ctitle%2Cauthors%2Cpublication_year%2Cabstract_inverted_index%2Cprimary_location%2Clanding_page_url&cursor=%2A
2026-02-15 20:31:25,147 [WARNING] aer 2011: OpenAlex request failed
2026-02-15 20:31:25,149 [INFO] aer 2011: Fallback to Crossref
2026-02-15 20:31:30,845 [ERROR] Failed 3 times: 400 Client Error: Bad Request for url: https://api.openalex.org/works?filter=display_name%3A%22American+Economic+Review%22%2Cpublication_year%3A2012&per-page=100&select=id%2Cdoi%2Ctitle%2Cauthors%2Cpublication_year%2Cabstract_inverted_index%2Cprimary_location%2Clanding_page_url&cursor=%2A
2026-02-15 20:31:30,846 [WARNING] aer 2012: OpenAlex request failed
2026-02-15 20:31:30,848 [INFO] aer 2012: Fallback to Crossref
2026-02-15 20:31:36,805 [ERROR] Failed 3 times: 400 Client Error: Bad Request for url: https://api.openalex.org/works?filter=display_name%3A%22American+Economic+Review%22%2Cpublication_year%3A2013&per-page=100&select=id%2Cdoi%2Ctitle%2Cauthors%2Cpublication_year%2Cabstract_inverted_index%2Cprimary_location%2Clanding_page_url&cursor=%2A
2026-02-15 20:31:36,807 [WARNING] aer 2013: OpenAlex request failed
2026-02-15 20:31:36,808 [INFO] aer 2013: Fallback to Crossref
2026-02-15 20:31:42,174 [ERROR] Failed 3 times: 400 Client Error: Bad Request for url: https://api.openalex.org/works?filter=display_name%3A%22American+Economic+Review%22%2Cpublication_year%3A2014&per-page=100&select=id%2Cdoi%2Ctitle%2Cauthors%2Cpublication_year%2Cabstract_inverted_index%2Cprimary_location%2Clanding_page_url&cursor=%2A
2026-02-15 20:31:42,175 [WARNING] aer 2014: OpenAlex request failed
2026-02-15 20:31:42,175 [INFO] aer 2014: Fallback to Crossref
2026-02-15 20:31:48,009 [ERROR] Failed 3 times: 400 Client Error: Bad Request for url: https://api.openalex.org/works?filter=display_name%3A%22American+Economic+Review%22%2Cpublication_year%3A2015&per-page=100&select=id%2Cdoi%2Ctitle%2Cauthors%2Cpublication_year%2Cabstract_inverted_index%2Cprimary_location%2Clanding_page_url&cursor=%2A
2026-02-15 20:31:48,011 [WARNING] aer 2015: OpenAlex request failed
2026-02-15 20:31:48,013 [INFO] aer 2015: Fallback to Crossref
2026-02-15 20:31:53,730 [ERROR] Failed 3 times: 400 Client Error: Bad Request for url: https://api.openalex.org/works?filter=display_name%3A%22American+Economic+Review%22%2Cpublication_year%3A2016&per-page=100&select=id%2Cdoi%2Ctitle%2Cauthors%2Cpublication_year%2Cabstract_inverted_index%2Cprimary_location%2Clanding_page_url&cursor=%2A
2026-02-15 20:31:53,731 [WARNING] aer 2016: OpenAlex request failed
2026-02-15 20:31:53,733 [INFO] aer 2016: Fallback to Crossref
2026-02-15 20:31:59,598 [ERROR] Failed 3 times: 400 Client Error: Bad Request for url: https://api.openalex.org/works?filter=display_name%3A%22American+Economic+Review%22%2Cpublication_year%3A2017&per-page=100&select=id%2Cdoi%2Ctitle%2Cauthors%2Cpublication_year%2Cabstract_inverted_index%2Cprimary_location%2Clanding_page_url&cursor=%2A
2026-02-15 20:31:59,600 [WARNING] aer 2017: OpenAlex request failed
2026-02-15 20:31:59,601 [INFO] aer 2017: Fallback to Crossref
2026-02-15 20:32:06,369 [ERROR] Failed 3 times: 400 Client Error: Bad Request for url: https://api.openalex.org/works?filter=display_name%3A%22American+Economic+Review%22%2Cpublication_year%3A2018&per-page=100&select=id%2Cdoi%2Ctitle%2Cauthors%2Cpublication_year%2Cabstract_inverted_index%2Cprimary_location%2Clanding_page_url&cursor=%2A
2026-02-15 20:32:06,370 [WARNING] aer 2018: OpenAlex request failed
2026-02-15 20:32:06,370 [INFO] aer 2018: Fallback to Crossref
2026-02-15 20:32:18,326 [ERROR] Failed 3 times: 400 Client Error: Bad Request for url: https://api.openalex.org/works?filter=display_name%3A%22American+Economic+Review%22%2Cpublication_year%3A2019&per-page=100&select=id%2Cdoi%2Ctitle%2Cauthors%2Cpublication_year%2Cabstract_inverted_index%2Cprimary_location%2Clanding_page_url&cursor=%2A
2026-02-15 20:32:18,328 [WARNING] aer 2019: OpenAlex request failed
2026-02-15 20:32:18,329 [INFO] aer 2019: Fallback to Crossref
2026-02-15 20:32:24,190 [ERROR] Failed 3 times: 400 Client Error: Bad Request for url: https://api.openalex.org/works?filter=display_name%3A%22American+Economic+Review%22%2Cpublication_year%3A2020&per-page=100&select=id%2Cdoi%2Ctitle%2Cauthors%2Cpublication_year%2Cabstract_inverted_index%2Cprimary_location%2Clanding_page_url&cursor=%2A
2026-02-15 20:32:24,192 [WARNING] aer 2020: OpenAlex request failed
2026-02-15 20:32:24,196 [INFO] aer 2020: Fallback to Crossref
2026-02-15 20:32:28,975 [ERROR] Failed 3 times: 400 Client Error: Bad Request for url: https://api.openalex.org/works?filter=display_name%3A%22American+Economic+Review%22%2Cpublication_year%3A2021&per-page=100&select=id%2Cdoi%2Ctitle%2Cauthors%2Cpublication_year%2Cabstract_inverted_index%2Cprimary_location%2Clanding_page_url&cursor=%2A
2026-02-15 20:32:28,977 [WARNING] aer 2021: OpenAlex request failed
2026-02-15 20:32:28,978 [INFO] aer 2021: Fallback to Crossref
2026-02-15 20:32:34,933 [ERROR] Failed 3 times: 400 Client Error: Bad Request for url: https://api.openalex.org/works?filter=display_name%3A%22American+Economic+Review%22%2Cpublication_year%3A2022&per-page=100&select=id%2Cdoi%2Ctitle%2Cauthors%2Cpublication_year%2Cabstract_inverted_index%2Cprimary_location%2Clanding_page_url&cursor=%2A
2026-02-15 20:32:34,935 [WARNING] aer 2022: OpenAlex request failed
2026-02-15 20:32:34,937 [INFO] aer 2022: Fallback to Crossref
2026-02-15 20:32:39,943 [ERROR] Failed 3 times: 400 Client Error: Bad Request for url: https://api.openalex.org/works?filter=display_name%3A%22American+Economic+Review%22%2Cpublication_year%3A2023&per-page=100&select=id%2Cdoi%2Ctitle%2Cauthors%2Cpublication_year%2Cabstract_inverted_index%2Cprimary_location%2Clanding_page_url&cursor=%2A
2026-02-15 20:32:39,944 [WARNING] aer 2023: OpenAlex request failed
2026-02-15 20:32:39,944 [INFO] aer 2023: Fallback to Crossref
2026-02-15 20:32:45,159 [ERROR] Failed 3 times: 400 Client Error: Bad Request for url: https://api.openalex.org/works?filter=display_name%3A%22American+Economic+Review%22%2Cpublication_year%3A2024&per-page=100&select=id%2Cdoi%2Ctitle%2Cauthors%2Cpublication_year%2Cabstract_inverted_index%2Cprimary_location%2Clanding_page_url&cursor=%2A
2026-02-15 20:32:45,160 [WARNING] aer 2024: OpenAlex request failed
2026-02-15 20:32:45,160 [INFO] aer 2024: Fallback to Crossref
2026-02-15 20:32:49,981 [ERROR] Failed 3 times: 400 Client Error: Bad Request for url: https://api.openalex.org/works?filter=display_name%3A%22American+Economic+Review%22%2Cpublication_year%3A2025&per-page=100&select=id%2Cdoi%2Ctitle%2Cauthors%2Cpublication_year%2Cabstract_inverted_index%2Cprimary_location%2Clanding_page_url&cursor=%2A
2026-02-15 20:32:49,981 [WARNING] aer 2025: OpenAlex request failed
2026-02-15 20:32:49,982 [INFO] aer 2025: Fallback to Crossref
2026-02-15 20:32:55,488 [ERROR] Failed 3 times: 400 Client Error: Bad Request for url: https://api.openalex.org/works?filter=display_name%3A%22Quarterly+Journal+of+Economics%22%2Cpublication_year%3A2010&per-page=100&select=id%2Cdoi%2Ctitle%2Cauthors%2Cpublication_year%2Cabstract_inverted_index%2Cprimary_location%2Clanding_page_url&cursor=%2A
2026-02-15 20:32:55,488 [WARNING] qje 2010: OpenAlex request failed
2026-02-15 20:32:55,489 [INFO] qje 2010: Fallback to Crossref
2026-02-15 20:33:01,023 [ERROR] Failed 3 times: 400 Client Error: Bad Request for url: https://api.openalex.org/works?filter=display_name%3A%22Quarterly+Journal+of+Economics%22%2Cpublication_year%3A2011&per-page=100&select=id%2Cdoi%2Ctitle%2Cauthors%2Cpublication_year%2Cabstract_inverted_index%2Cprimary_location%2Clanding_page_url&cursor=%2A
2026-02-15 20:33:01,025 [WARNING] qje 2011: OpenAlex request failed
2026-02-15 20:33:01,027 [INFO] qje 2011: Fallback to Crossref
2026-02-15 20:33:06,912 [ERROR] Failed 3 times: 400 Client Error: Bad Request for url: https://api.openalex.org/works?filter=display_name%3A%22Quarterly+Journal+of+Economics%22%2Cpublication_year%3A2012&per-page=100&select=id%2Cdoi%2Ctitle%2Cauthors%2Cpublication_year%2Cabstract_inverted_index%2Cprimary_location%2Clanding_page_url&cursor=%2A
2026-02-15 20:33:06,918 [WARNING] qje 2012: OpenAlex request failed
2026-02-15 20:33:06,927 [INFO] qje 2012: Fallback to Crossref
2026-02-15 20:33:12,158 [ERROR] Failed 3 times: 400 Client Error: Bad Request for url: https://api.openalex.org/works?filter=display_name%3A%22Quarterly+Journal+of+Economics%22%2Cpublication_year%3A2013&per-page=100&select=id%2Cdoi%2Ctitle%2Cauthors%2Cpublication_year%2Cabstract_inverted_index%2Cprimary_location%2Clanding_page_url&cursor=%2A
2026-02-15 20:33:12,160 [WARNING] qje 2013: OpenAlex request failed
2026-02-15 20:33:12,160 [INFO] qje 2013: Fallback to Crossref
2026-02-15 20:33:17,473 [ERROR] Failed 3 times: 400 Client Error: Bad Request for url: https://api.openalex.org/works?filter=display_name%3A%22Quarterly+Journal+of+Economics%22%2Cpublication_year%3A2014&per-page=100&select=id%2Cdoi%2Ctitle%2Cauthors%2Cpublication_year%2Cabstract_inverted_index%2Cprimary_location%2Clanding_page_url&cursor=%2A
2026-02-15 20:33:17,475 [WARNING] qje 2014: OpenAlex request failed
2026-02-15 20:33:17,476 [INFO] qje 2014: Fallback to Crossref
2026-02-15 20:33:43,620 [ERROR] Failed 3 times: 400 Client Error: Bad Request for url: https://api.openalex.org/works?filter=display_name%3A%22American+Economic+Review%22%2Cpublication_year%3A2010&per-page=100&select=id%2Cdoi%2Ctitle%2Cauthors%2Cpublication_year%2Cabstract_inverted_index%2Cprimary_location%2Clanding_page_url&cursor=%2A
2026-02-15 20:33:43,622 [WARNING] aer 2010: OpenAlex request failed
2026-02-15 20:33:43,623 [INFO] aer 2010: Fallback to Crossref
2026-02-15 20:33:49,233 [ERROR] Failed 3 times: 400 Client Error: Bad Request for url: https://api.openalex.org/works?filter=display_name%3A%22American+Economic+Review%22%2Cpublication_year%3A2011&per-page=100&select=id%2Cdoi%2Ctitle%2Cauthors%2Cpublication_year%2Cabstract_inverted_index%2Cprimary_location%2Clanding_page_url&cursor=%2A
2026-02-15 20:33:49,235 [WARNING] aer 2011: OpenAlex request failed
2026-02-15 20:33:49,240 [INFO] aer 2011: Fallback to Crossref
2026-02-15 20:33:54,826 [ERROR] Failed 3 times: 400 Client Error: Bad Request for url: https://api.openalex.org/works?filter=display_name%3A%22American+Economic+Review%22%2Cpublication_year%3A2012&per-page=100&select=id%2Cdoi%2Ctitle%2Cauthors%2Cpublication_year%2Cabstract_inverted_index%2Cprimary_location%2Clanding_page_url&cursor=%2A
2026-02-15 20:33:54,828 [WARNING] aer 2012: OpenAlex request failed
2026-02-15 20:33:54,831 [INFO] aer 2012: Fallback to Crossref
2026-02-15 20:34:00,318 [ERROR] Failed 3 times: 400 Client Error: Bad Request for url: https://api.openalex.org/works?filter=display_name%3A%22American+Economic+Review%22%2Cpublication_year%3A2013&per-page=100&select=id%2Cdoi%2Ctitle%2Cauthors%2Cpublication_year%2Cabstract_inverted_index%2Cprimary_location%2Clanding_page_url&cursor=%2A
2026-02-15 20:34:00,319 [WARNING] aer 2013: OpenAlex request failed
2026-02-15 20:34:00,320 [INFO] aer 2013: Fallback to Crossref
2026-02-15 20:34:05,865 [ERROR] Failed 3 times: 400 Client Error: Bad Request for url: https://api.openalex.org/works?filter=display_name%3A%22American+Economic+Review%22%2Cpublication_year%3A2014&per-page=100&select=id%2Cdoi%2Ctitle%2Cauthors%2Cpublication_year%2Cabstract_inverted_index%2Cprimary_location%2Clanding_page_url&cursor=%2A
2026-02-15 20:34:05,866 [WARNING] aer 2014: OpenAlex request failed
2026-02-15 20:34:05,867 [INFO] aer 2014: Fallback to Crossref
2026-02-15 20:34:11,447 [ERROR] Failed 3 times: 400 Client Error: Bad Request for url: https://api.openalex.org/works?filter=display_name%3A%22American+Economic+Review%22%2Cpublication_year%3A2015&per-page=100&select=id%2Cdoi%2Ctitle%2Cauthors%2Cpublication_year%2Cabstract_inverted_index%2Cprimary_location%2Clanding_page_url&cursor=%2A
2026-02-15 20:34:11,449 [WARNING] aer 2015: OpenAlex request failed
2026-02-15 20:34:11,450 [INFO] aer 2015: Fallback to Crossref
2026-02-15 20:34:16,975 [ERROR] Failed 3 times: 400 Client Error: Bad Request for url: https://api.openalex.org/works?filter=display_name%3A%22American+Economic+Review%22%2Cpublication_year%3A2016&per-page=100&select=id%2Cdoi%2Ctitle%2Cauthors%2Cpublication_year%2Cabstract_inverted_index%2Cprimary_location%2Clanding_page_url&cursor=%2A
2026-02-15 20:34:16,981 [WARNING] aer 2016: OpenAlex request failed
2026-02-15 20:34:16,981 [INFO] aer 2016: Fallback to Crossref
2026-02-15 20:34:22,871 [ERROR] Failed 3 times: 400 Client Error: Bad Request for url: https://api.openalex.org/works?filter=display_name%3A%22American+Economic+Review%22%2Cpublication_year%3A2017&per-page=100&select=id%2Cdoi%2Ctitle%2Cauthors%2Cpublication_year%2Cabstract_inverted_index%2Cprimary_location%2Clanding_page_url&cursor=%2A
2026-02-15 20:34:22,872 [WARNING] aer 2017: OpenAlex request failed
2026-02-15 20:34:22,874 [INFO] aer 2017: Fallback to Crossref
2026-02-15 20:34:28,338 [ERROR] Failed 3 times: 400 Client Error: Bad Request for url: https://api.openalex.org/works?filter=display_name%3A%22American+Economic+Review%22%2Cpublication_year%3A2018&per-page=100&select=id%2Cdoi%2Ctitle%2Cauthors%2Cpublication_year%2Cabstract_inverted_index%2Cprimary_location%2Clanding_page_url&cursor=%2A
2026-02-15 20:34:28,338 [WARNING] aer 2018: OpenAlex request failed
2026-02-15 20:34:28,340 [INFO] aer 2018: Fallback to Crossref
2026-02-15 20:34:33,459 [ERROR] Failed 3 times: 400 Client Error: Bad Request for url: https://api.openalex.org/works?filter=display_name%3A%22American+Economic+Review%22%2Cpublication_year%3A2019&per-page=100&select=id%2Cdoi%2Ctitle%2Cauthors%2Cpublication_year%2Cabstract_inverted_index%2Cprimary_location%2Clanding_page_url&cursor=%2A
2026-02-15 20:34:33,465 [WARNING] aer 2019: OpenAlex request failed
2026-02-15 20:34:33,467 [INFO] aer 2019: Fallback to Crossref
2026-02-15 20:34:38,197 [ERROR] Failed 3 times: 400 Client Error: Bad Request for url: https://api.openalex.org/works?filter=display_name%3A%22American+Economic+Review%22%2Cpublication_year%3A2020&per-page=100&select=id%2Cdoi%2Ctitle%2Cauthors%2Cpublication_year%2Cabstract_inverted_index%2Cprimary_location%2Clanding_page_url&cursor=%2A
2026-02-15 20:34:38,201 [WARNING] aer 2020: OpenAlex request failed
2026-02-15 20:34:38,201 [INFO] aer 2020: Fallback to Crossref
2026-02-15 20:34:43,024 [ERROR] Failed 3 times: 400 Client Error: Bad Request for url: https://api.openalex.org/works?filter=display_name%3A%22American+Economic+Review%22%2Cpublication_year%3A2021&per-page=100&select=id%2Cdoi%2Ctitle%2Cauthors%2Cpublication_year%2Cabstract_inverted_index%2Cprimary_location%2Clanding_page_url&cursor=%2A
2026-02-15 20:34:43,025 [WARNING] aer 2021: OpenAlex request failed
2026-02-15 20:34:43,026 [INFO] aer 2021: Fallback to Crossref
2026-02-15 20:34:48,056 [ERROR] Failed 3 times: 400 Client Error: Bad Request for url: https://api.openalex.org/works?filter=display_name%3A%22American+Economic+Review%22%2Cpublication_year%3A2022&per-page=100&select=id%2Cdoi%2Ctitle%2Cauthors%2Cpublication_year%2Cabstract_inverted_index%2Cprimary_location%2Clanding_page_url&cursor=%2A
2026-02-15 20:34:48,059 [WARNING] aer 2022: OpenAlex request failed
2026-02-15 20:34:48,062 [INFO] aer 2022: Fallback to Crossref
2026-02-15 20:34:52,934 [ERROR] Failed 3 times: 400 Client Error: Bad Request for url: https://api.openalex.org/works?filter=display_name%3A%22American+Economic+Review%22%2Cpublication_year%3A2023&per-page=100&select=id%2Cdoi%2Ctitle%2Cauthors%2Cpublication_year%2Cabstract_inverted_index%2Cprimary_location%2Clanding_page_url&cursor=%2A
2026-02-15 20:34:52,936 [WARNING] aer 2023: OpenAlex request failed
2026-02-15 20:34:52,937 [INFO] aer 2023: Fallback to Crossref
2026-02-15 20:34:57,863 [ERROR] Failed 3 times: 400 Client Error: Bad Request for url: https://api.openalex.org/works?filter=display_name%3A%22American+Economic+Review%22%2Cpublication_year%3A2024&per-page=100&select=id%2Cdoi%2Ctitle%2Cauthors%2Cpublication_year%2Cabstract_inverted_index%2Cprimary_location%2Clanding_page_url&cursor=%2A
2026-02-15 20:34:57,866 [WARNING] aer 2024: OpenAlex request failed
2026-02-15 20:34:57,867 [INFO] aer 2024: Fallback to Crossref
2026-02-15 20:35:02,757 [ERROR] Failed 3 times: 400 Client Error: Bad Request for url: https://api.openalex.org/works?filter=display_name%3A%22American+Economic+Review%22%2Cpublication_year%3A2025&per-page=100&select=id%2Cdoi%2Ctitle%2Cauthors%2Cpublication_year%2Cabstract_inverted_index%2Cprimary_location%2Clanding_page_url&cursor=%2A
2026-02-15 20:35:02,759 [WARNING] aer 2025: OpenAlex request failed
2026-02-15 20:35:02,760 [INFO] aer 2025: Fallback to Crossref
2026-02-15 20:35:07,666 [ERROR] Failed 3 times: 400 Client Error: Bad Request for url: https://api.openalex.org/works?filter=display_name%3A%22Quarterly+Journal+of+Economics%22%2Cpublication_year%3A2010&per-page=100&select=id%2Cdoi%2Ctitle%2Cauthors%2Cpublication_year%2Cabstract_inverted_index%2Cprimary_location%2Clanding_page_url&cursor=%2A
2026-02-15 20:35:07,667 [WARNING] qje 2010: OpenAlex request failed
2026-02-15 20:35:07,668 [INFO] qje 2010: Fallback to Crossref
2026-02-15 20:35:12,616 [ERROR] Failed 3 times: 400 Client Error: Bad Request for url: https://api.openalex.org/works?filter=display_name%3A%22Quarterly+Journal+of+Economics%22%2Cpublication_year%3A2011&per-page=100&select=id%2Cdoi%2Ctitle%2Cauthors%2Cpublication_year%2Cabstract_inverted_index%2Cprimary_location%2Clanding_page_url&cursor=%2A
2026-02-15 20:35:12,618 [WARNING] qje 2011: OpenAlex request failed
2026-02-15 20:35:12,619 [INFO] qje 2011: Fallback to Crossref
2026-02-15 20:35:17,512 [ERROR] Failed 3 times: 400 Client Error: Bad Request for url: https://api.openalex.org/works?filter=display_name%3A%22Quarterly+Journal+of+Economics%22%2Cpublication_year%3A2012&per-page=100&select=id%2Cdoi%2Ctitle%2Cauthors%2Cpublication_year%2Cabstract_inverted_index%2Cprimary_location%2Clanding_page_url&cursor=%2A
2026-02-15 20:35:17,513 [WARNING] qje 2012: OpenAlex request failed
2026-02-15 20:35:17,513 [INFO] qje 2012: Fallback to Crossref
2026-02-15 20:35:22,401 [ERROR] Failed 3 times: 400 Client Error: Bad Request for url: https://api.openalex.org/works?filter=display_name%3A%22Quarterly+Journal+of+Economics%22%2Cpublication_year%3A2013&per-page=100&select=id%2Cdoi%2Ctitle%2Cauthors%2Cpublication_year%2Cabstract_inverted_index%2Cprimary_location%2Clanding_page_url&cursor=%2A
2026-02-15 20:35:22,403 [WARNING] qje 2013: OpenAlex request failed
2026-02-15 20:35:22,403 [INFO] qje 2013: Fallback to Crossref
2026-02-15 20:35:27,235 [ERROR] Failed 3 times: 400 Client Error: Bad Request for url: https://api.openalex.org/works?filter=display_name%3A%22Quarterly+Journal+of+Economics%22%2Cpublication_year%3A2014&per-page=100&select=id%2Cdoi%2Ctitle%2Cauthors%2Cpublication_year%2Cabstract_inverted_index%2Cprimary_location%2Clanding_page_url&cursor=%2A
2026-02-15 20:35:27,238 [WARNING] qje 2014: OpenAlex request failed
2026-02-15 20:35:27,238 [INFO] qje 2014: Fallback to Crossref
2026-02-15 20:35:32,182 [ERROR] Failed 3 times: 400 Client Error: Bad Request for url: https://api.openalex.org/works?filter=display_name%3A%22Quarterly+Journal+of+Economics%22%2Cpublication_year%3A2015&per-page=100&select=id%2Cdoi%2Ctitle%2Cauthors%2Cpublication_year%2Cabstract_inverted_index%2Cprimary_location%2Clanding_page_url&cursor=%2A
2026-02-15 20:35:32,182 [WARNING] qje 2015: OpenAlex request failed
2026-02-15 20:35:32,184 [INFO] qje 2015: Fallback to Crossref
2026-02-15 20:35:37,235 [ERROR] Failed 3 times: 400 Client Error: Bad Request for url: https://api.openalex.org/works?filter=display_name%3A%22Quarterly+Journal+of+Economics%22%2Cpublication_year%3A2016&per-page=100&select=id%2Cdoi%2Ctitle%2Cauthors%2Cpublication_year%2Cabstract_inverted_index%2Cprimary_location%2Clanding_page_url&cursor=%2A
2026-02-15 20:35:37,238 [WARNING] qje 2016: OpenAlex request failed
2026-02-15 20:35:37,238 [INFO] qje 2016: Fallback to Crossref
2026-02-15 20:35:42,560 [ERROR] Failed 3 times: 400 Client Error: Bad Request for url: https://api.openalex.org/works?filter=display_name%3A%22Quarterly+Journal+of+Economics%22%2Cpublication_year%3A2017&per-page=100&select=id%2Cdoi%2Ctitle%2Cauthors%2Cpublication_year%2Cabstract_inverted_index%2Cprimary_location%2Clanding_page_url&cursor=%2A
2026-02-15 20:35:42,562 [WARNING] qje 2017: OpenAlex request failed
2026-02-15 20:35:42,563 [INFO] qje 2017: Fallback to Crossref
2026-02-15 20:35:47,549 [ERROR] Failed 3 times: 400 Client Error: Bad Request for url: https://api.openalex.org/works?filter=display_name%3A%22Quarterly+Journal+of+Economics%22%2Cpublication_year%3A2018&per-page=100&select=id%2Cdoi%2Ctitle%2Cauthors%2Cpublication_year%2Cabstract_inverted_index%2Cprimary_location%2Clanding_page_url&cursor=%2A
2026-02-15 20:35:47,550 [WARNING] qje 2018: OpenAlex request failed
2026-02-15 20:35:47,551 [INFO] qje 2018: Fallback to Crossref
2026-02-15 20:35:52,694 [ERROR] Failed 3 times: 400 Client Error: Bad Request for url: https://api.openalex.org/works?filter=display_name%3A%22Quarterly+Journal+of+Economics%22%2Cpublication_year%3A2019&per-page=100&select=id%2Cdoi%2Ctitle%2Cauthors%2Cpublication_year%2Cabstract_inverted_index%2Cprimary_location%2Clanding_page_url&cursor=%2A
2026-02-15 20:35:52,696 [WARNING] qje 2019: OpenAlex request failed
2026-02-15 20:35:52,696 [INFO] qje 2019: Fallback to Crossref
2026-02-15 20:35:57,525 [ERROR] Failed 3 times: 400 Client Error: Bad Request for url: https://api.openalex.org/works?filter=display_name%3A%22Quarterly+Journal+of+Economics%22%2Cpublication_year%3A2020&per-page=100&select=id%2Cdoi%2Ctitle%2Cauthors%2Cpublication_year%2Cabstract_inverted_index%2Cprimary_location%2Clanding_page_url&cursor=%2A
2026-02-15 20:35:57,526 [WARNING] qje 2020: OpenAlex request failed
2026-02-15 20:35:57,527 [INFO] qje 2020: Fallback to Crossref
2026-02-15 20:36:02,592 [ERROR] Failed 3 times: 400 Client Error: Bad Request for url: https://api.openalex.org/works?filter=display_name%3A%22Quarterly+Journal+of+Economics%22%2Cpublication_year%3A2021&per-page=100&select=id%2Cdoi%2Ctitle%2Cauthors%2Cpublication_year%2Cabstract_inverted_index%2Cprimary_location%2Clanding_page_url&cursor=%2A
2026-02-15 20:36:02,594 [WARNING] qje 2021: OpenAlex request failed
2026-02-15 20:36:02,595 [INFO] qje 2021: Fallback to Crossref
2026-02-15 20:36:07,863 [ERROR] Failed 3 times: 400 Client Error: Bad Request for url: https://api.openalex.org/works?filter=display_name%3A%22Quarterly+Journal+of+Economics%22%2Cpublication_year%3A2022&per-page=100&select=id%2Cdoi%2Ctitle%2Cauthors%2Cpublication_year%2Cabstract_inverted_index%2Cprimary_location%2Clanding_page_url&cursor=%2A
2026-02-15 20:36:07,864 [WARNING] qje 2022: OpenAlex request failed
2026-02-15 20:36:07,866 [INFO] qje 2022: Fallback to Crossref
2026-02-15 20:36:12,889 [ERROR] Failed 3 times: 400 Client Error: Bad Request for url: https://api.openalex.org/works?filter=display_name%3A%22Quarterly+Journal+of+Economics%22%2Cpublication_year%3A2023&per-page=100&select=id%2Cdoi%2Ctitle%2Cauthors%2Cpublication_year%2Cabstract_inverted_index%2Cprimary_location%2Clanding_page_url&cursor=%2A
2026-02-15 20:36:12,891 [WARNING] qje 2023: OpenAlex request failed
2026-02-15 20:36:12,892 [INFO] qje 2023: Fallback to Crossref
2026-02-15 20:36:18,141 [ERROR] Failed 3 times: 400 Client Error: Bad Request for url: https://api.openalex.org/works?filter=display_name%3A%22Quarterly+Journal+of+Economics%22%2Cpublication_year%3A2024&per-page=100&select=id%2Cdoi%2Ctitle%2Cauthors%2Cpublication_year%2Cabstract_inverted_index%2Cprimary_location%2Clanding_page_url&cursor=%2A
2026-02-15 20:36:18,143 [WARNING] qje 2024: OpenAlex request failed
2026-02-15 20:36:18,144 [INFO] qje 2024: Fallback to Crossref
2026-02-15 20:36:23,283 [ERROR] Failed 3 times: 400 Client Error: Bad Request for url: https://api.openalex.org/works?filter=display_name%3A%22Quarterly+Journal+of+Economics%22%2Cpublication_year%3A2025&per-page=100&select=id%2Cdoi%2Ctitle%2Cauthors%2Cpublication_year%2Cabstract_inverted_index%2Cprimary_location%2Clanding_page_url&cursor=%2A
2026-02-15 20:36:23,283 [WARNING] qje 2025: OpenAlex request failed
2026-02-15 20:36:23,284 [INFO] qje 2025: Fallback to Crossref
2026-02-15 20:36:28,390 [ERROR] Failed 3 times: 400 Client Error: Bad Request for url: https://api.openalex.org/works?filter=display_name%3A%22American+Economic+Journal%3A+Microeconomics%22%2Cpublication_year%3A2009&per-page=100&select=id%2Cdoi%2Ctitle%2Cauthors%2Cpublication_year%2Cabstract_inverted_index%2Cprimary_location%2Clanding_page_url&cursor=%2A
2026-02-15 20:36:28,392 [WARNING] aej_micro 2009: OpenAlex request failed
2026-02-15 20:36:28,393 [INFO] aej_micro 2009: Fallback to Crossref
2026-02-15 20:36:33,373 [ERROR] Failed 3 times: 400 Client Error: Bad Request for url: https://api.openalex.org/works?filter=display_name%3A%22American+Economic+Journal%3A+Microeconomics%22%2Cpublication_year%3A2010&per-page=100&select=id%2Cdoi%2Ctitle%2Cauthors%2Cpublication_year%2Cabstract_inverted_index%2Cprimary_location%2Clanding_page_url&cursor=%2A
2026-02-15 20:36:33,375 [WARNING] aej_micro 2010: OpenAlex request failed
2026-02-15 20:36:33,375 [INFO] aej_micro 2010: Fallback to Crossref
2026-02-15 20:36:38,322 [ERROR] Failed 3 times: 400 Client Error: Bad Request for url: https://api.openalex.org/works?filter=display_name%3A%22American+Economic+Journal%3A+Microeconomics%22%2Cpublication_year%3A2011&per-page=100&select=id%2Cdoi%2Ctitle%2Cauthors%2Cpublication_year%2Cabstract_inverted_index%2Cprimary_location%2Clanding_page_url&cursor=%2A
2026-02-15 20:36:38,333 [WARNING] aej_micro 2011: OpenAlex request failed
2026-02-15 20:36:38,333 [INFO] aej_micro 2011: Fallback to Crossref
2026-02-15 20:36:43,231 [ERROR] Failed 3 times: 400 Client Error: Bad Request for url: https://api.openalex.org/works?filter=display_name%3A%22American+Economic+Journal%3A+Microeconomics%22%2Cpublication_year%3A2012&per-page=100&select=id%2Cdoi%2Ctitle%2Cauthors%2Cpublication_year%2Cabstract_inverted_index%2Cprimary_location%2Clanding_page_url&cursor=%2A
2026-02-15 20:36:43,232 [WARNING] aej_micro 2012: OpenAlex request failed
2026-02-15 20:36:43,232 [INFO] aej_micro 2012: Fallback to Crossref
2026-02-15 20:36:48,447 [ERROR] Failed 3 times: 400 Client Error: Bad Request for url: https://api.openalex.org/works?filter=display_name%3A%22American+Economic+Journal%3A+Microeconomics%22%2Cpublication_year%3A2013&per-page=100&select=id%2Cdoi%2Ctitle%2Cauthors%2Cpublication_year%2Cabstract_inverted_index%2Cprimary_location%2Clanding_page_url&cursor=%2A
2026-02-15 20:36:48,450 [WARNING] aej_micro 2013: OpenAlex request failed
2026-02-15 20:36:48,450 [INFO] aej_micro 2013: Fallback to Crossref
2026-02-15 20:36:53,450 [ERROR] Failed 3 times: 400 Client Error: Bad Request for url: https://api.openalex.org/works?filter=display_name%3A%22American+Economic+Journal%3A+Microeconomics%22%2Cpublication_year%3A2014&per-page=100&select=id%2Cdoi%2Ctitle%2Cauthors%2Cpublication_year%2Cabstract_inverted_index%2Cprimary_location%2Clanding_page_url&cursor=%2A
2026-02-15 20:36:53,451 [WARNING] aej_micro 2014: OpenAlex request failed
2026-02-15 20:36:53,452 [INFO] aej_micro 2014: Fallback to Crossref
2026-02-15 20:36:58,531 [ERROR] Failed 3 times: 400 Client Error: Bad Request for url: https://api.openalex.org/works?filter=display_name%3A%22American+Economic+Journal%3A+Microeconomics%22%2Cpublication_year%3A2015&per-page=100&select=id%2Cdoi%2Ctitle%2Cauthors%2Cpublication_year%2Cabstract_inverted_index%2Cprimary_location%2Clanding_page_url&cursor=%2A
2026-02-15 20:36:58,532 [WARNING] aej_micro 2015: OpenAlex request failed
2026-02-15 20:36:58,532 [INFO] aej_micro 2015: Fallback to Crossref
2026-02-15 20:37:03,403 [ERROR] Failed 3 times: 400 Client Error: Bad Request for url: https://api.openalex.org/works?filter=display_name%3A%22American+Economic+Journal%3A+Microeconomics%22%2Cpublication_year%3A2016&per-page=100&select=id%2Cdoi%2Ctitle%2Cauthors%2Cpublication_year%2Cabstract_inverted_index%2Cprimary_location%2Clanding_page_url&cursor=%2A
2026-02-15 20:37:03,405 [WARNING] aej_micro 2016: OpenAlex request failed
2026-02-15 20:37:03,406 [INFO] aej_micro 2016: Fallback to Crossref
2026-02-15 20:37:08,499 [ERROR] Failed 3 times: 400 Client Error: Bad Request for url: https://api.openalex.org/works?filter=display_name%3A%22American+Economic+Journal%3A+Microeconomics%22%2Cpublication_year%3A2017&per-page=100&select=id%2Cdoi%2Ctitle%2Cauthors%2Cpublication_year%2Cabstract_inverted_index%2Cprimary_location%2Clanding_page_url&cursor=%2A
2026-02-15 20:37:08,500 [WARNING] aej_micro 2017: OpenAlex request failed
2026-02-15 20:37:08,501 [INFO] aej_micro 2017: Fallback to Crossref
2026-02-15 20:37:13,462 [ERROR] Failed 3 times: 400 Client Error: Bad Request for url: https://api.openalex.org/works?filter=display_name%3A%22American+Economic+Journal%3A+Microeconomics%22%2Cpublication_year%3A2018&per-page=100&select=id%2Cdoi%2Ctitle%2Cauthors%2Cpublication_year%2Cabstract_inverted_index%2Cprimary_location%2Clanding_page_url&cursor=%2A
2026-02-15 20:37:13,463 [WARNING] aej_micro 2018: OpenAlex request failed
2026-02-15 20:37:13,464 [INFO] aej_micro 2018: Fallback to Crossref
2026-02-15 20:37:18,352 [ERROR] Failed 3 times: 400 Client Error: Bad Request for url: https://api.openalex.org/works?filter=display_name%3A%22American+Economic+Journal%3A+Microeconomics%22%2Cpublication_year%3A2019&per-page=100&select=id%2Cdoi%2Ctitle%2Cauthors%2Cpublication_year%2Cabstract_inverted_index%2Cprimary_location%2Clanding_page_url&cursor=%2A
2026-02-15 20:37:18,353 [WARNING] aej_micro 2019: OpenAlex request failed
2026-02-15 20:37:18,353 [INFO] aej_micro 2019: Fallback to Crossref
2026-02-15 20:37:23,198 [ERROR] Failed 3 times: 400 Client Error: Bad Request for url: https://api.openalex.org/works?filter=display_name%3A%22American+Economic+Journal%3A+Microeconomics%22%2Cpublication_year%3A2020&per-page=100&select=id%2Cdoi%2Ctitle%2Cauthors%2Cpublication_year%2Cabstract_inverted_index%2Cprimary_location%2Clanding_page_url&cursor=%2A
2026-02-15 20:37:23,199 [WARNING] aej_micro 2020: OpenAlex request failed
2026-02-15 20:37:23,199 [INFO] aej_micro 2020: Fallback to Crossref
2026-02-15 20:37:28,321 [ERROR] Failed 3 times: 400 Client Error: Bad Request for url: https://api.openalex.org/works?filter=display_name%3A%22American+Economic+Journal%3A+Microeconomics%22%2Cpublication_year%3A2021&per-page=100&select=id%2Cdoi%2Ctitle%2Cauthors%2Cpublication_year%2Cabstract_inverted_index%2Cprimary_location%2Clanding_page_url&cursor=%2A
2026-02-15 20:37:28,322 [WARNING] aej_micro 2021: OpenAlex request failed
2026-02-15 20:37:28,323 [INFO] aej_micro 2021: Fallback to Crossref
2026-02-15 20:37:33,165 [ERROR] Failed 3 times: 400 Client Error: Bad Request for url: https://api.openalex.org/works?filter=display_name%3A%22American+Economic+Journal%3A+Microeconomics%22%2Cpublication_year%3A2022&per-page=100&select=id%2Cdoi%2Ctitle%2Cauthors%2Cpublication_year%2Cabstract_inverted_index%2Cprimary_location%2Clanding_page_url&cursor=%2A
2026-02-15 20:37:33,167 [WARNING] aej_micro 2022: OpenAlex request failed
2026-02-15 20:37:33,167 [INFO] aej_micro 2022: Fallback to Crossref
2026-02-15 20:37:39,745 [ERROR] Failed 3 times: 400 Client Error: Bad Request for url: https://api.openalex.org/works?filter=display_name%3A%22American+Economic+Journal%3A+Microeconomics%22%2Cpublication_year%3A2023&per-page=100&select=id%2Cdoi%2Ctitle%2Cauthors%2Cpublication_year%2Cabstract_inverted_index%2Cprimary_location%2Clanding_page_url&cursor=%2A
2026-02-15 20:37:39,748 [WARNING] aej_micro 2023: OpenAlex request failed
2026-02-15 20:37:39,748 [INFO] aej_micro 2023: Fallback to Crossref
2026-02-15 20:37:44,720 [ERROR] Failed 3 times: 400 Client Error: Bad Request for url: https://api.openalex.org/works?filter=display_name%3A%22American+Economic+Journal%3A+Microeconomics%22%2Cpublication_year%3A2024&per-page=100&select=id%2Cdoi%2Ctitle%2Cauthors%2Cpublication_year%2Cabstract_inverted_index%2Cprimary_location%2Clanding_page_url&cursor=%2A
2026-02-15 20:37:44,721 [WARNING] aej_micro 2024: OpenAlex request failed
2026-02-15 20:37:44,721 [INFO] aej_micro 2024: Fallback to Crossref
2026-02-15 20:37:49,599 [ERROR] Failed 3 times: 400 Client Error: Bad Request for url: https://api.openalex.org/works?filter=display_name%3A%22American+Economic+Journal%3A+Microeconomics%22%2Cpublication_year%3A2025&per-page=100&select=id%2Cdoi%2Ctitle%2Cauthors%2Cpublication_year%2Cabstract_inverted_index%2Cprimary_location%2Clanding_page_url&cursor=%2A
2026-02-15 20:37:49,600 [WARNING] aej_micro 2025: OpenAlex request failed
2026-02-15 20:37:49,600 [INFO] aej_micro 2025: Fallback to Crossref
